=== Suite started at 2007-04-17 18:59:26
=== Starting test, 4 test cases
=cases        4
=user         jlouis
=host         succubus
=hosts        succubus 
=emulator_vsn 5.5.3
=emulator     beam
=otp_release  R11B
=started      2007-04-17 18:59:26
=== The module '.#bcoding_test_SUITE' is not loaded
=case    '.#bcoding_test_SUITE':all
=logfile .#bcoding_test_suite.all.html
=started 2007-04-17 18:59:26
=ended   2007-04-17 18:59:26
=result    failed:{'.#bcoding_test_SUITE',all}
=== *** FAILED *** test case 1 of 4
=== The module metainfo_test_SUITE is not loaded
=case    metainfo_test_SUITE:all
=logfile metainfo_test_suite.all.html
=started 2007-04-17 18:59:26
=ended   2007-04-17 18:59:26
=result    failed:{metainfo_test_SUITE,all}
=== *** FAILED *** test case 2 of 4
=== The module simple_test_SUITE is not loaded
=case    simple_test_SUITE:all
=logfile simple_test_suite.all.html
=started 2007-04-17 18:59:26
=ended   2007-04-17 18:59:26
=result    failed:{simple_test_SUITE,all}
=== *** FAILED *** test case 3 of 4
=== The module utils_test_SUITE is not loaded
=case    utils_test_SUITE:all
=logfile utils_test_suite.all.html
=started 2007-04-17 18:59:26
=ended   2007-04-17 18:59:26
=result    failed:{utils_test_SUITE,all}
=== *** FAILED *** test case 4 of 4
=== TEST COMPLETE, 0 ok, 4 failed of 4 test cases
=finished   2007-04-17 18:59:26
=failed     4
=successful 0
=skipped    0
